# JRE version: Java(TM) SE Runtime Environment (8.0_77-b03) (build 1.8.0_77-b03)
# Java VM: Java HotSpot(TM) 64-Bit Server VM (25.77-b03 mixed mode bsd-amd64 compressed oops)
Heap:
 PSYoungGen      total 42496K, used 23966K [0x0000000795580000, 0x0000000798f00000, 0x00000007c0000000)
  eden space 27136K, 86% used [0x0000000795580000,0x0000000796c87a78,0x0000000797000000)
  from space 15360K, 2% used [0x0000000797f80000,0x0000000797fe0010,0x0000000798e80000)
  to   space 15872K, 0% used [0x0000000797000000,0x0000000797000000,0x0000000797f80000)
 ParOldGen       total 87552K, used 53000K [0x0000000740000000, 0x0000000745580000, 0x0000000795580000)
  object space 87552K, 60% used [0x0000000740000000,0x00000007433c22e8,0x0000000745580000)
 Metaspace       used 19521K, capacity 19735K, committed 19968K, reserved 1067008K
  class space    used 1869K, capacity 1922K, committed 2048K, reserved 1048576K
GC Heap History (10 events):
Event: 18.863 GC heap before
{Heap before GC invocations=10 (full 0):
 PSYoungGen      total 36864K, used 36746K [0x0000000795580000, 0x0000000798f00000, 0x00000007c0000000)
  eden space 30208K, 99% used [0x0000000795580000,0x00000007972fa9c0,0x0000000797300000)
  from space 6656K, 98% used [0x0000000797380000,0x00000007979e8190,0x0000000797a00000)
  to   space 14336K, 0% used [0x0000000798100000,0x0000000798100000,0x0000000798f00000)
 ParOldGen       total 87552K, used 32399K [0x0000000740000000, 0x0000000745580000, 0x0000000795580000)
  object space 87552K, 37% used [0x0000000740000000,0x0000000741fa3d38,0x0000000745580000)
 Metaspace       used 19388K, capacity 19607K, committed 19968K, reserved 1067008K
  class space    used 1860K, capacity 1922K, committed 2048K, reserved 1048576K
Event: 18.867 GC heap after
Heap after GC invocations=10 (full 0):
 PSYoungGen      total 43520K, used 3376K [0x0000000795580000, 0x0000000799080000, 0x00000007c0000000)
  eden space 29184K, 0% used [0x0000000795580000,0x0000000795580000,0x0000000797200000)
  from space 14336K, 23% used [0x0000000798100000,0x000000079844c0f0,0x0000000798f00000)
  to   space 15360K, 0% used [0x0000000797200000,0x0000000797200000,0x0000000798100000)
 ParOldGen       total 87552K, used 38871K [0x0000000740000000, 0x0000000745580000, 0x0000000795580000)
  object space 87552K, 44% used [0x0000000740000000,0x00000007425f5ec8,0x0000000745580000)
 Metaspace       used 19388K, capacity 19607K, committed 19968K, reserved 1067008K
  class space    used 1860K, capacity 1922K, committed 2048K, reserved 1048576K
}
Event: 19.747 GC heap before
{Heap before GC invocations=11 (full 0):
 PSYoungGen      total 43520K, used 32560K [0x0000000795580000, 0x0000000799080000, 0x00000007c0000000)
  eden space 29184K, 100% used [0x0000000795580000,0x0000000797200000,0x0000000797200000)
  from space 14336K, 23% used [0x0000000798100000,0x000000079844c0f0,0x0000000798f00000)
  to   space 15360K, 0% used [0x0000000797200000,0x0000000797200000,0x0000000798100000)
 ParOldGen       total 87552K, used 38871K [0x0000000740000000, 0x0000000745580000, 0x0000000795580000)
  object space 87552K, 44% used [0x0000000740000000,0x00000007425f5ec8,0x0000000745580000)
 Metaspace       used 19405K, capacity 19607K, committed 19968K, reserved 1067008K
  class space    used 1860K, capacity 1922K, committed 2048K, reserved 1048576K
Event: 19.750 GC heap after
Heap after GC invocations=11 (full 0):
 PSYoungGen      total 33280K, used 4512K [0x0000000795580000, 0x0000000798f80000, 0x00000007c0000000)
  eden space 28672K, 0% used [0x0000000795580000,0x0000000795580000,0x0000000797180000)
  from space 4608K, 97% used [0x0000000797200000,0x0000000797668110,0x0000000797680000)
  to   space 15360K, 0% used [0x0000000798080000,0x0000000798080000,0x0000000798f80000)
 ParOldGen       total 87552K, used 41120K [0x0000000740000000, 0x0000000745580000, 0x0000000795580000)
  object space 87552K, 46% used [0x0000000740000000,0x0000000742828008,0x0000000745580000)
 Metaspace       used 19405K, capacity 19607K, committed 19968K, reserved 1067008K
  class space    used 1860K, capacity 1922K, committed 2048K, reserved 1048576K
}
Event: 20.735 GC heap before
{Heap before GC invocations=12 (full 0):
 PSYoungGen      total 33280K, used 33184K [0x0000000795580000, 0x0000000798f80000, 0x00000007c0000000)
  eden space 28672K, 100% used [0x0000000795580000,0x0000000797180000,0x0000000797180000)
  from space 4608K, 97% used [0x0000000797200000,0x0000000797668110,0x0000000797680000)
  to   space 15360K, 0% used [0x0000000798080000,0x0000000798080000,0x0000000798f80000)
 ParOldGen       total 87552K, used 41120K [0x0000000740000000, 0x0000000745580000, 0x0000000795580000)
  object space 87552K, 46% used [0x0000000740000000,0x0000000742828008,0x0000000745580000)
 Metaspace       used 19475K, capacity 19671K, committed 19968K, reserved 1067008K
  class space    used 1860K, capacity 1922K, committed 2048K, reserved 1048576K
Event: 20.740 GC heap after
Heap after GC invocations=12 (full 0):
 PSYoungGen      total 43008K, used 5024K [0x0000000795580000, 0x0000000798f00000, 0x00000007c0000000)
  eden space 28160K, 0% used [0x0000000795580000,0x0000000795580000,0x0000000797100000)
  from space 14848K, 33% used [0x0000000798080000,0x0000000798568130,0x0000000798f00000)
  to   space 15360K, 0% used [0x0000000797100000,0x0000000797100000,0x0000000798000000)
 ParOldGen       total 87552K, used 45504K [0x0000000740000000, 0x0000000745580000, 0x0000000795580000)
  object space 87552K, 51% used [0x0000000740000000,0x0000000742c70118,0x0000000745580000)
 Metaspace       used 19475K, capacity 19671K, committed 19968K, reserved 1067008K
  class space    used 1860K, capacity 1922K, committed 2048K, reserved 1048576K
}
Event: 22.140 GC heap before
{Heap before GC invocations=13 (full 0):
 PSYoungGen      total 43008K, used 33165K [0x0000000795580000, 0x0000000798f00000, 0x00000007c0000000)
  eden space 28160K, 99% used [0x0000000795580000,0x00000007970fb688,0x0000000797100000)
  from space 14848K, 33% used [0x0000000798080000,0x0000000798568130,0x0000000798f00000)
  to   space 15360K, 0% used [0x0000000797100000,0x0000000797100000,0x0000000798000000)
 ParOldGen       total 87552K, used 45504K [0x0000000740000000, 0x0000000745580000, 0x0000000795580000)
  object space 87552K, 51% used [0x0000000740000000,0x0000000742c70118,0x0000000745580000)
 Metaspace       used 19482K, capacity 19671K, committed 19968K, reserved 1067008K
  class space    used 1860K, capacity 1922K, committed 2048K, reserved 1048576K
Event: 22.143 GC heap after
Heap after GC invocations=13 (full 0):
 PSYoungGen      total 32256K, used 4256K [0x0000000795580000, 0x0000000798e80000, 0x00000007c0000000)
  eden space 27648K, 0% used [0x0000000795580000,0x0000000795580000,0x0000000797080000)
  from space 4608K, 92% used [0x0000000797100000,0x0000000797528100,0x0000000797580000)
  to   space 15360K, 0% used [0x0000000797f80000,0x0000000797f80000,0x0000000798e80000)
 ParOldGen       total 87552K, used 49120K [0x0000000740000000, 0x0000000745580000, 0x0000000795580000)
  object space 87552K, 56% used [0x0000000740000000,0x0000000742ff81f8,0x0000000745580000)
 Metaspace       used 19482K, capacity 19671K, committed 19968K, reserved 1067008K
  class space    used 1860K, capacity 1922K, committed 2048K, reserved 1048576K
}
Event: 26.867 GC heap before
{Heap before GC invocations=14 (full 0):
 PSYoungGen      total 32256K, used 31904K [0x0000000795580000, 0x0000000798e80000, 0x00000007c0000000)
  eden space 27648K, 100% used [0x0000000795580000,0x0000000797080000,0x0000000797080000)
  from space 4608K, 92% used [0x0000000797100000,0x0000000797528100,0x0000000797580000)
  to   space 15360K, 0% used [0x0000000797f80000,0x0000000797f80000,0x0000000798e80000)
 ParOldGen       total 87552K, used 49120K [0x0000000740000000, 0x0000000745580000, 0x0000000795580000)
  object space 87552K, 56% used [0x0000000740000000,0x0000000742ff81f8,0x0000000745580000)
 Metaspace       used 19482K, capacity 19671K, committed 19968K, reserved 1067008K
  class space    used 1860K, capacity 1922K, committed 2048K, reserved 1048576K
Event: 26.870 GC heap after
Heap after GC invocations=14 (full 0):
 PSYoungGen      total 42496K, used 384K [0x0000000795580000, 0x0000000798f00000, 0x00000007c0000000)
  eden space 27136K, 0% used [0x0000000795580000,0x0000000795580000,0x0000000797000000)
  from space 15360K, 2% used [0x0000000797f80000,0x0000000797fe0010,0x0000000798e80000)
  to   space 15872K, 0% used [0x0000000797000000,0x0000000797000000,0x0000000797f80000)
 ParOldGen       total 87552K, used 53000K [0x0000000740000000, 0x0000000745580000, 0x0000000795580000)
  object space 87552K, 60% used [0x0000000740000000,0x00000007433c22e8,0x0000000745580000)
 Metaspace       used 19482K, capacity 19671K, committed 19968K, reserved 1067008K
  class space    used 1860K, capacity 1922K, committed 2048K, reserved 1048576K
}

