# JRE version: Java(TM) SE Runtime Environment (8.0_77-b03) (build 1.8.0_77-b03)
# Java VM: Java HotSpot(TM) 64-Bit Server VM (25.77-b03 mixed mode bsd-amd64 compressed oops)
Heap:
 PSYoungGen      total 58368K, used 49789K [0x0000000795580000, 0x000000079ab00000, 0x00000007c0000000)
  eden space 57856K, 85% used [0x0000000795580000,0x000000079860f560,0x0000000798e00000)
  from space 512K, 12% used [0x0000000798f80000,0x0000000798f90000,0x0000000799000000)
  to   space 14848K, 0% used [0x0000000799c80000,0x0000000799c80000,0x000000079ab00000)
 ParOldGen       total 87552K, used 36796K [0x0000000740000000, 0x0000000745580000, 0x0000000795580000)
  object space 87552K, 42% used [0x0000000740000000,0x00000007423ef0f8,0x0000000745580000)
 Metaspace       used 19329K, capacity 19575K, committed 19712K, reserved 1067008K
  class space    used 1883K, capacity 1954K, committed 2048K, reserved 1048576K
GC Heap History (10 events):
Event: 9.481 GC heap before
{Heap before GC invocations=5 (full 0):
 PSYoungGen      total 71680K, used 71494K [0x0000000795580000, 0x000000079a080000, 0x00000007c0000000)
  eden space 66560K, 99% used [0x0000000795580000,0x0000000799674c28,0x0000000799680000)
  from space 5120K, 97% used [0x0000000799b80000,0x000000079a05ccb0,0x000000079a080000)
  to   space 5120K, 0% used [0x0000000799680000,0x0000000799680000,0x0000000799b80000)
 ParOldGen       total 87552K, used 19464K [0x0000000740000000, 0x0000000745580000, 0x0000000795580000)
  object space 87552K, 22% used [0x0000000740000000,0x0000000741302148,0x0000000745580000)
 Metaspace       used 19020K, capacity 19223K, committed 19456K, reserved 1067008K
  class space    used 1860K, capacity 1922K, committed 2048K, reserved 1048576K
Event: 9.489 GC heap after
Heap after GC invocations=5 (full 0):
 PSYoungGen      total 69632K, used 5075K [0x0000000795580000, 0x000000079b280000, 0x00000007c0000000)
  eden space 64512K, 0% used [0x0000000795580000,0x0000000795580000,0x0000000799480000)
  from space 5120K, 99% used [0x0000000799680000,0x0000000799b74cb0,0x0000000799b80000)
  to   space 15360K, 0% used [0x000000079a380000,0x000000079a380000,0x000000079b280000)
 ParOldGen       total 87552K, used 26384K [0x0000000740000000, 0x0000000745580000, 0x0000000795580000)
  object space 87552K, 30% used [0x0000000740000000,0x00000007419c42f8,0x0000000745580000)
 Metaspace       used 19020K, capacity 19223K, committed 19456K, reserved 1067008K
  class space    used 1860K, capacity 1922K, committed 2048K, reserved 1048576K
}
Event: 13.871 GC heap before
{Heap before GC invocations=6 (full 0):
 PSYoungGen      total 69632K, used 69587K [0x0000000795580000, 0x000000079b280000, 0x00000007c0000000)
  eden space 64512K, 100% used [0x0000000795580000,0x0000000799480000,0x0000000799480000)
  from space 5120K, 99% used [0x0000000799680000,0x0000000799b74cb0,0x0000000799b80000)
  to   space 15360K, 0% used [0x000000079a380000,0x000000079a380000,0x000000079b280000)
 ParOldGen       total 87552K, used 26384K [0x0000000740000000, 0x0000000745580000, 0x0000000795580000)
  object space 87552K, 30% used [0x0000000740000000,0x00000007419c42f8,0x0000000745580000)
 Metaspace       used 19234K, capacity 19511K, committed 19712K, reserved 1067008K
  class space    used 1874K, capacity 1954K, committed 2048K, reserved 1048576K
Event: 13.879 GC heap after
Heap after GC invocations=6 (full 0):
 PSYoungGen      total 75776K, used 10451K [0x0000000795580000, 0x000000079b080000, 0x00000007c0000000)
  eden space 62464K, 0% used [0x0000000795580000,0x0000000795580000,0x0000000799280000)
  from space 13312K, 78% used [0x000000079a380000,0x000000079adb4e00,0x000000079b080000)
  to   space 15360K, 0% used [0x0000000799280000,0x0000000799280000,0x000000079a180000)
 ParOldGen       total 87552K, used 26392K [0x0000000740000000, 0x0000000745580000, 0x0000000795580000)
  object space 87552K, 30% used [0x0000000740000000,0x00000007419c62f8,0x0000000745580000)
 Metaspace       used 19234K, capacity 19511K, committed 19712K, reserved 1067008K
  class space    used 1874K, capacity 1954K, committed 2048K, reserved 1048576K
}
Event: 23.829 GC heap before
{Heap before GC invocations=7 (full 0):
 PSYoungGen      total 75776K, used 72915K [0x0000000795580000, 0x000000079b080000, 0x00000007c0000000)
  eden space 62464K, 100% used [0x0000000795580000,0x0000000799280000,0x0000000799280000)
  from space 13312K, 78% used [0x000000079a380000,0x000000079adb4e00,0x000000079b080000)
  to   space 15360K, 0% used [0x0000000799280000,0x0000000799280000,0x000000079a180000)
 ParOldGen       total 87552K, used 26392K [0x0000000740000000, 0x0000000745580000, 0x0000000795580000)
  object space 87552K, 30% used [0x0000000740000000,0x00000007419c62f8,0x0000000745580000)
 Metaspace       used 19244K, capacity 19511K, committed 19712K, reserved 1067008K
  class space    used 1874K, capacity 1954K, committed 2048K, reserved 1048576K
Event: 23.839 GC heap after
Heap after GC invocations=7 (full 0):
 PSYoungGen      total 69120K, used 8160K [0x0000000795580000, 0x000000079ae00000, 0x00000007c0000000)
  eden space 60928K, 0% used [0x0000000795580000,0x0000000795580000,0x0000000799100000)
  from space 8192K, 99% used [0x0000000799280000,0x0000000799a781f0,0x0000000799a80000)
  to   space 14848K, 0% used [0x0000000799f80000,0x0000000799f80000,0x000000079ae00000)
 ParOldGen       total 87552K, used 28667K [0x0000000740000000, 0x0000000745580000, 0x0000000795580000)
  object space 87552K, 32% used [0x0000000740000000,0x0000000741bfef08,0x0000000745580000)
 Metaspace       used 19244K, capacity 19511K, committed 19712K, reserved 1067008K
  class space    used 1874K, capacity 1954K, committed 2048K, reserved 1048576K
}
Event: 33.595 GC heap before
{Heap before GC invocations=8 (full 0):
 PSYoungGen      total 69120K, used 69088K [0x0000000795580000, 0x000000079ae00000, 0x00000007c0000000)
  eden space 60928K, 100% used [0x0000000795580000,0x0000000799100000,0x0000000799100000)
  from space 8192K, 99% used [0x0000000799280000,0x0000000799a781f0,0x0000000799a80000)
  to   space 14848K, 0% used [0x0000000799f80000,0x0000000799f80000,0x000000079ae00000)
 ParOldGen       total 87552K, used 28667K [0x0000000740000000, 0x0000000745580000, 0x0000000795580000)
  object space 87552K, 32% used [0x0000000740000000,0x0000000741bfef08,0x0000000745580000)
 Metaspace       used 19246K, capacity 19511K, committed 19712K, reserved 1067008K
  class space    used 1875K, capacity 1954K, committed 2048K, reserved 1048576K
Event: 33.602 GC heap after
Heap after GC invocations=8 (full 0):
 PSYoungGen      total 71680K, used 7392K [0x0000000795580000, 0x000000079ab80000, 0x00000007c0000000)
  eden space 59392K, 0% used [0x0000000795580000,0x0000000795580000,0x0000000798f80000)
  from space 12288K, 60% used [0x0000000799f80000,0x000000079a6b81c0,0x000000079ab80000)
  to   space 14336K, 0% used [0x0000000798f80000,0x0000000798f80000,0x0000000799d80000)
 ParOldGen       total 87552K, used 29515K [0x0000000740000000, 0x0000000745580000, 0x0000000795580000)
  object space 87552K, 33% used [0x0000000740000000,0x0000000741cd2f38,0x0000000745580000)
 Metaspace       used 19246K, capacity 19511K, committed 19712K, reserved 1067008K
  class space    used 1875K, capacity 1954K, committed 2048K, reserved 1048576K
}
Event: 43.131 GC heap before
{Heap before GC invocations=9 (full 0):
 PSYoungGen      total 71680K, used 66784K [0x0000000795580000, 0x000000079ab80000, 0x00000007c0000000)
  eden space 59392K, 100% used [0x0000000795580000,0x0000000798f80000,0x0000000798f80000)
  from space 12288K, 60% used [0x0000000799f80000,0x000000079a6b81c0,0x000000079ab80000)
  to   space 14336K, 0% used [0x0000000798f80000,0x0000000798f80000,0x0000000799d80000)
 ParOldGen       total 87552K, used 29515K [0x0000000740000000, 0x0000000745580000, 0x0000000795580000)
  object space 87552K, 33% used [0x0000000740000000,0x0000000741cd2f38,0x0000000745580000)
 Metaspace       used 19246K, capacity 19511K, committed 19712K, reserved 1067008K
  class space    used 1875K, capacity 1954K, committed 2048K, reserved 1048576K
Event: 43.136 GC heap after
Heap after GC invocations=9 (full 0):
 PSYoungGen      total 58368K, used 64K [0x0000000795580000, 0x000000079ab00000, 0x00000007c0000000)
  eden space 57856K, 0% used [0x0000000795580000,0x0000000795580000,0x0000000798e00000)
  from space 512K, 12% used [0x0000000798f80000,0x0000000798f90000,0x0000000799000000)
  to   space 14848K, 0% used [0x0000000799c80000,0x0000000799c80000,0x000000079ab00000)
 ParOldGen       total 87552K, used 36796K [0x0000000740000000, 0x0000000745580000, 0x0000000795580000)
  object space 87552K, 42% used [0x0000000740000000,0x00000007423ef0f8,0x0000000745580000)
 Metaspace       used 19246K, capacity 19511K, committed 19712K, reserved 1067008K
  class space    used 1875K, capacity 1954K, committed 2048K, reserved 1048576K
}

