# JRE version: Java(TM) SE Runtime Environment (8.0_77-b03) (build 1.8.0_77-b03)
# Java VM: Java HotSpot(TM) 64-Bit Server VM (25.77-b03 mixed mode bsd-amd64 compressed oops)
Heap:
 PSYoungGen      total 388096K, used 345103K [0x0000000795580000, 0x00000007afa00000, 0x00000007c0000000)
  eden space 387584K, 89% used [0x0000000795580000,0x00000007aa663f58,0x00000007ad000000)
  from space 512K, 25% used [0x00000007af980000,0x00000007af9a0000,0x00000007afa00000)
  to   space 12288K, 0% used [0x00000007ae200000,0x00000007ae200000,0x00000007aee00000)
 ParOldGen       total 87552K, used 25792K [0x0000000740000000, 0x0000000745580000, 0x0000000795580000)
  object space 87552K, 29% used [0x0000000740000000,0x00000007419303a0,0x0000000745580000)
 Metaspace       used 19518K, capacity 19747K, committed 19968K, reserved 1067008K
  class space    used 1921K, capacity 1988K, committed 2048K, reserved 1048576K
GC Heap History (10 events):
Event: 5.137 GC heap before
{Heap before GC invocations=8 (full 0):
 PSYoungGen      total 144896K, used 135232K [0x0000000795580000, 0x00000007a7180000, 0x00000007c0000000)
  eden space 133120K, 100% used [0x0000000795580000,0x000000079d780000,0x000000079d780000)
  from space 11776K, 17% used [0x000000079d780000,0x000000079d9900b0,0x000000079e300000)
  to   space 12288K, 0% used [0x00000007a6580000,0x00000007a6580000,0x00000007a7180000)
 ParOldGen       total 87552K, used 14704K [0x0000000740000000, 0x0000000745580000, 0x0000000795580000)
  object space 87552K, 16% used [0x0000000740000000,0x0000000740e5c000,0x0000000745580000)
 Metaspace       used 19127K, capacity 19353K, committed 19456K, reserved 1067008K
  class space    used 1913K, capacity 1987K, committed 2048K, reserved 1048576K
Event: 5.139 GC heap after
Heap after GC invocations=8 (full 0):
 PSYoungGen      total 278016K, used 1344K [0x0000000795580000, 0x00000007a7280000, 0x00000007c0000000)
  eden space 265728K, 0% used [0x0000000795580000,0x0000000795580000,0x00000007a5900000)
  from space 12288K, 10% used [0x00000007a6580000,0x00000007a66d0060,0x00000007a7180000)
  to   space 12800K, 0% used [0x00000007a5900000,0x00000007a5900000,0x00000007a6580000)
 ParOldGen       total 87552K, used 15472K [0x0000000740000000, 0x0000000745580000, 0x0000000795580000)
  object space 87552K, 17% used [0x0000000740000000,0x0000000740f1c050,0x0000000745580000)
 Metaspace       used 19127K, capacity 19353K, committed 19456K, reserved 1067008K
  class space    used 1913K, capacity 1987K, committed 2048K, reserved 1048576K
}
Event: 5.916 GC heap before
{Heap before GC invocations=9 (full 0):
 PSYoungGen      total 278016K, used 267072K [0x0000000795580000, 0x00000007a7280000, 0x00000007c0000000)
  eden space 265728K, 100% used [0x0000000795580000,0x00000007a5900000,0x00000007a5900000)
  from space 12288K, 10% used [0x00000007a6580000,0x00000007a66d0060,0x00000007a7180000)
  to   space 12800K, 0% used [0x00000007a5900000,0x00000007a5900000,0x00000007a6580000)
 ParOldGen       total 87552K, used 15472K [0x0000000740000000, 0x0000000745580000, 0x0000000795580000)
  object space 87552K, 17% used [0x0000000740000000,0x0000000740f1c050,0x0000000745580000)
 Metaspace       used 19236K, capacity 19491K, committed 19712K, reserved 1067008K
  class space    used 1914K, capacity 1988K, committed 2048K, reserved 1048576K
Event: 5.917 GC heap after
Heap after GC invocations=9 (full 0):
 PSYoungGen      total 278528K, used 416K [0x0000000795580000, 0x00000007b0e00000, 0x00000007c0000000)
  eden space 265728K, 0% used [0x0000000795580000,0x0000000795580000,0x00000007a5900000)
  from space 12800K, 3% used [0x00000007a5900000,0x00000007a5968010,0x00000007a6580000)
  to   space 12800K, 0% used [0x00000007b0180000,0x00000007b0180000,0x00000007b0e00000)
 ParOldGen       total 87552K, used 16440K [0x0000000740000000, 0x0000000745580000, 0x0000000795580000)
  object space 87552K, 18% used [0x0000000740000000,0x000000074100e150,0x0000000745580000)
 Metaspace       used 19236K, capacity 19491K, committed 19712K, reserved 1067008K
  class space    used 1914K, capacity 1988K, committed 2048K, reserved 1048576K
}
Event: 6.643 GC heap before
{Heap before GC invocations=10 (full 0):
 PSYoungGen      total 278528K, used 266144K [0x0000000795580000, 0x00000007b0e00000, 0x00000007c0000000)
  eden space 265728K, 100% used [0x0000000795580000,0x00000007a5900000,0x00000007a5900000)
  from space 12800K, 3% used [0x00000007a5900000,0x00000007a5968010,0x00000007a6580000)
  to   space 12800K, 0% used [0x00000007b0180000,0x00000007b0180000,0x00000007b0e00000)
 ParOldGen       total 87552K, used 16440K [0x0000000740000000, 0x0000000745580000, 0x0000000795580000)
  object space 87552K, 18% used [0x0000000740000000,0x000000074100e150,0x0000000745580000)
 Metaspace       used 19291K, capacity 19555K, committed 19712K, reserved 1067008K
  class space    used 1915K, capacity 1988K, committed 2048K, reserved 1048576K
Event: 6.647 GC heap after
Heap after GC invocations=10 (full 0):
 PSYoungGen      total 437248K, used 6080K [0x0000000795580000, 0x00000007b0d00000, 0x00000007c0000000)
  eden space 425472K, 0% used [0x0000000795580000,0x0000000795580000,0x00000007af500000)
  from space 11776K, 51% used [0x00000007b0180000,0x00000007b0770170,0x00000007b0d00000)
  to   space 12288K, 0% used [0x00000007af500000,0x00000007af500000,0x00000007b0100000)
 ParOldGen       total 87552K, used 16728K [0x0000000740000000, 0x0000000745580000, 0x0000000795580000)
  object space 87552K, 19% used [0x0000000740000000,0x0000000741056160,0x0000000745580000)
 Metaspace       used 19291K, capacity 19555K, committed 19712K, reserved 1067008K
  class space    used 1915K, capacity 1988K, committed 2048K, reserved 1048576K
}
Event: 7.772 GC heap before
{Heap before GC invocations=11 (full 0):
 PSYoungGen      total 437248K, used 431552K [0x0000000795580000, 0x00000007b0d00000, 0x00000007c0000000)
  eden space 425472K, 100% used [0x0000000795580000,0x00000007af500000,0x00000007af500000)
  from space 11776K, 51% used [0x00000007b0180000,0x00000007b0770170,0x00000007b0d00000)
  to   space 12288K, 0% used [0x00000007af500000,0x00000007af500000,0x00000007b0100000)
 ParOldGen       total 87552K, used 16728K [0x0000000740000000, 0x0000000745580000, 0x0000000795580000)
  object space 87552K, 19% used [0x0000000740000000,0x0000000741056160,0x0000000745580000)
 Metaspace       used 19389K, capacity 19619K, committed 19712K, reserved 1067008K
  class space    used 1915K, capacity 1988K, committed 2048K, reserved 1048576K
Event: 7.777 GC heap after
Heap after GC invocations=11 (full 0):
 PSYoungGen      total 410624K, used 4288K [0x0000000795580000, 0x00000007b0200000, 0x00000007c0000000)
  eden space 406016K, 0% used [0x0000000795580000,0x0000000795580000,0x00000007ae200000)
  from space 4608K, 93% used [0x00000007af500000,0x00000007af930100,0x00000007af980000)
  to   space 8704K, 0% used [0x00000007af980000,0x00000007af980000,0x00000007b0200000)
 ParOldGen       total 87552K, used 21656K [0x0000000740000000, 0x0000000745580000, 0x0000000795580000)
  object space 87552K, 24% used [0x0000000740000000,0x00000007415262a0,0x0000000745580000)
 Metaspace       used 19389K, capacity 19619K, committed 19712K, reserved 1067008K
  class space    used 1915K, capacity 1988K, committed 2048K, reserved 1048576K
}
Event: 8.910 GC heap before
{Heap before GC invocations=12 (full 0):
 PSYoungGen      total 410624K, used 410304K [0x0000000795580000, 0x00000007b0200000, 0x00000007c0000000)
  eden space 406016K, 100% used [0x0000000795580000,0x00000007ae200000,0x00000007ae200000)
  from space 4608K, 93% used [0x00000007af500000,0x00000007af930100,0x00000007af980000)
  to   space 8704K, 0% used [0x00000007af980000,0x00000007af980000,0x00000007b0200000)
 ParOldGen       total 87552K, used 21656K [0x0000000740000000, 0x0000000745580000, 0x0000000795580000)
  object space 87552K, 24% used [0x0000000740000000,0x00000007415262a0,0x0000000745580000)
 Metaspace       used 19467K, capacity 19747K, committed 19968K, reserved 1067008K
  class space    used 1915K, capacity 1988K, committed 2048K, reserved 1048576K
Event: 8.913 GC heap after
Heap after GC invocations=12 (full 0):
 PSYoungGen      total 388096K, used 128K [0x0000000795580000, 0x00000007afa00000, 0x00000007c0000000)
  eden space 387584K, 0% used [0x0000000795580000,0x0000000795580000,0x00000007ad000000)
  from space 512K, 25% used [0x00000007af980000,0x00000007af9a0000,0x00000007afa00000)
  to   space 12288K, 0% used [0x00000007ae200000,0x00000007ae200000,0x00000007aee00000)
 ParOldGen       total 87552K, used 25792K [0x0000000740000000, 0x0000000745580000, 0x0000000795580000)
  object space 87552K, 29% used [0x0000000740000000,0x00000007419303a0,0x0000000745580000)
 Metaspace       used 19467K, capacity 19747K, committed 19968K, reserved 1067008K
  class space    used 1915K, capacity 1988K, committed 2048K, reserved 1048576K
}

