# JRE version: Java(TM) SE Runtime Environment (8.0_77-b03) (build 1.8.0_77-b03)
# Java VM: Java HotSpot(TM) 64-Bit Server VM (25.77-b03 mixed mode bsd-amd64 compressed oops)
Heap:
 PSYoungGen      total 24576K, used 18163K [0x0000000795580000, 0x0000000796e80000, 0x00000007c0000000)
  eden space 24064K, 75% used [0x0000000795580000,0x0000000796724e20,0x0000000796d00000)
  from space 512K, 18% used [0x0000000796e00000,0x0000000796e18000,0x0000000796e80000)
  to   space 512K, 0% used [0x0000000796d80000,0x0000000796d80000,0x0000000796e00000)
 ParOldGen       total 87552K, used 73522K [0x0000000740000000, 0x0000000745580000, 0x0000000795580000)
  object space 87552K, 83% used [0x0000000740000000,0x00000007447ccb38,0x0000000745580000)
 Metaspace       used 19606K, capacity 19879K, committed 20224K, reserved 1067008K
  class space    used 1884K, capacity 1954K, committed 2048K, reserved 1048576K
GC Heap History (10 events):
Event: 343.673 GC heap before
{Heap before GC invocations=102 (full 0):
 PSYoungGen      total 24576K, used 24160K [0x0000000795580000, 0x0000000796e80000, 0x00000007c0000000)
  eden space 24064K, 100% used [0x0000000795580000,0x0000000796d00000,0x0000000796d00000)
  from space 512K, 18% used [0x0000000796d80000,0x0000000796d98000,0x0000000796e00000)
  to   space 512K, 0% used [0x0000000796e00000,0x0000000796e00000,0x0000000796e80000)
 ParOldGen       total 87552K, used 73522K [0x0000000740000000, 0x0000000745580000, 0x0000000795580000)
  object space 87552K, 83% used [0x0000000740000000,0x00000007447ccb38,0x0000000745580000)
 Metaspace       used 19569K, capacity 19815K, committed 19968K, reserved 1067008K
  class space    used 1876K, capacity 1954K, committed 2048K, reserved 1048576K
Event: 343.674 GC heap after
Heap after GC invocations=102 (full 0):
 PSYoungGen      total 24576K, used 32K [0x0000000795580000, 0x0000000796e80000, 0x00000007c0000000)
  eden space 24064K, 0% used [0x0000000795580000,0x0000000795580000,0x0000000796d00000)
  from space 512K, 6% used [0x0000000796e00000,0x0000000796e08000,0x0000000796e80000)
  to   space 512K, 0% used [0x0000000796d80000,0x0000000796d80000,0x0000000796e00000)
 ParOldGen       total 87552K, used 73522K [0x0000000740000000, 0x0000000745580000, 0x0000000795580000)
  object space 87552K, 83% used [0x0000000740000000,0x00000007447ccb38,0x0000000745580000)
 Metaspace       used 19569K, capacity 19815K, committed 19968K, reserved 1067008K
  class space    used 1876K, capacity 1954K, committed 2048K, reserved 1048576K
}
Event: 347.412 GC heap before
{Heap before GC invocations=103 (full 0):
 PSYoungGen      total 24576K, used 24096K [0x0000000795580000, 0x0000000796e80000, 0x00000007c0000000)
  eden space 24064K, 100% used [0x0000000795580000,0x0000000796d00000,0x0000000796d00000)
  from space 512K, 6% used [0x0000000796e00000,0x0000000796e08000,0x0000000796e80000)
  to   space 512K, 0% used [0x0000000796d80000,0x0000000796d80000,0x0000000796e00000)
 ParOldGen       total 87552K, used 73522K [0x0000000740000000, 0x0000000745580000, 0x0000000795580000)
  object space 87552K, 83% used [0x0000000740000000,0x00000007447ccb38,0x0000000745580000)
 Metaspace       used 19569K, capacity 19815K, committed 19968K, reserved 1067008K
  class space    used 1876K, capacity 1954K, committed 2048K, reserved 1048576K
Event: 347.414 GC heap after
Heap after GC invocations=103 (full 0):
 PSYoungGen      total 24576K, used 96K [0x0000000795580000, 0x0000000796e80000, 0x00000007c0000000)
  eden space 24064K, 0% used [0x0000000795580000,0x0000000795580000,0x0000000796d00000)
  from space 512K, 18% used [0x0000000796d80000,0x0000000796d98000,0x0000000796e00000)
  to   space 512K, 0% used [0x0000000796e00000,0x0000000796e00000,0x0000000796e80000)
 ParOldGen       total 87552K, used 73522K [0x0000000740000000, 0x0000000745580000, 0x0000000795580000)
  object space 87552K, 83% used [0x0000000740000000,0x00000007447ccb38,0x0000000745580000)
 Metaspace       used 19569K, capacity 19815K, committed 19968K, reserved 1067008K
  class space    used 1876K, capacity 1954K, committed 2048K, reserved 1048576K
}
Event: 351.168 GC heap before
{Heap before GC invocations=104 (full 0):
 PSYoungGen      total 24576K, used 24160K [0x0000000795580000, 0x0000000796e80000, 0x00000007c0000000)
  eden space 24064K, 100% used [0x0000000795580000,0x0000000796d00000,0x0000000796d00000)
  from space 512K, 18% used [0x0000000796d80000,0x0000000796d98000,0x0000000796e00000)
  to   space 512K, 0% used [0x0000000796e00000,0x0000000796e00000,0x0000000796e80000)
 ParOldGen       total 87552K, used 73522K [0x0000000740000000, 0x0000000745580000, 0x0000000795580000)
  object space 87552K, 83% used [0x0000000740000000,0x00000007447ccb38,0x0000000745580000)
 Metaspace       used 19569K, capacity 19815K, committed 19968K, reserved 1067008K
  class space    used 1876K, capacity 1954K, committed 2048K, reserved 1048576K
Event: 351.169 GC heap after
Heap after GC invocations=104 (full 0):
 PSYoungGen      total 24576K, used 96K [0x0000000795580000, 0x0000000796e80000, 0x00000007c0000000)
  eden space 24064K, 0% used [0x0000000795580000,0x0000000795580000,0x0000000796d00000)
  from space 512K, 18% used [0x0000000796e00000,0x0000000796e18000,0x0000000796e80000)
  to   space 512K, 0% used [0x0000000796d80000,0x0000000796d80000,0x0000000796e00000)
 ParOldGen       total 87552K, used 73522K [0x0000000740000000, 0x0000000745580000, 0x0000000795580000)
  object space 87552K, 83% used [0x0000000740000000,0x00000007447ccb38,0x0000000745580000)
 Metaspace       used 19569K, capacity 19815K, committed 19968K, reserved 1067008K
  class space    used 1876K, capacity 1954K, committed 2048K, reserved 1048576K
}
Event: 354.921 GC heap before
{Heap before GC invocations=105 (full 0):
 PSYoungGen      total 24576K, used 24160K [0x0000000795580000, 0x0000000796e80000, 0x00000007c0000000)
  eden space 24064K, 100% used [0x0000000795580000,0x0000000796d00000,0x0000000796d00000)
  from space 512K, 18% used [0x0000000796e00000,0x0000000796e18000,0x0000000796e80000)
  to   space 512K, 0% used [0x0000000796d80000,0x0000000796d80000,0x0000000796e00000)
 ParOldGen       total 87552K, used 73522K [0x0000000740000000, 0x0000000745580000, 0x0000000795580000)
  object space 87552K, 83% used [0x0000000740000000,0x00000007447ccb38,0x0000000745580000)
 Metaspace       used 19569K, capacity 19815K, committed 19968K, reserved 1067008K
  class space    used 1876K, capacity 1954K, committed 2048K, reserved 1048576K
Event: 354.923 GC heap after
Heap after GC invocations=105 (full 0):
 PSYoungGen      total 24576K, used 64K [0x0000000795580000, 0x0000000796e80000, 0x00000007c0000000)
  eden space 24064K, 0% used [0x0000000795580000,0x0000000795580000,0x0000000796d00000)
  from space 512K, 12% used [0x0000000796d80000,0x0000000796d90000,0x0000000796e00000)
  to   space 512K, 0% used [0x0000000796e00000,0x0000000796e00000,0x0000000796e80000)
 ParOldGen       total 87552K, used 73522K [0x0000000740000000, 0x0000000745580000, 0x0000000795580000)
  object space 87552K, 83% used [0x0000000740000000,0x00000007447ccb38,0x0000000745580000)
 Metaspace       used 19569K, capacity 19815K, committed 19968K, reserved 1067008K
  class space    used 1876K, capacity 1954K, committed 2048K, reserved 1048576K
}
Event: 358.725 GC heap before
{Heap before GC invocations=106 (full 0):
 PSYoungGen      total 24576K, used 24128K [0x0000000795580000, 0x0000000796e80000, 0x00000007c0000000)
  eden space 24064K, 100% used [0x0000000795580000,0x0000000796d00000,0x0000000796d00000)
  from space 512K, 12% used [0x0000000796d80000,0x0000000796d90000,0x0000000796e00000)
  to   space 512K, 0% used [0x0000000796e00000,0x0000000796e00000,0x0000000796e80000)
 ParOldGen       total 87552K, used 73522K [0x0000000740000000, 0x0000000745580000, 0x0000000795580000)
  object space 87552K, 83% used [0x0000000740000000,0x00000007447ccb38,0x0000000745580000)
 Metaspace       used 19569K, capacity 19815K, committed 19968K, reserved 1067008K
  class space    used 1876K, capacity 1954K, committed 2048K, reserved 1048576K
Event: 358.726 GC heap after
Heap after GC invocations=106 (full 0):
 PSYoungGen      total 24576K, used 96K [0x0000000795580000, 0x0000000796e80000, 0x00000007c0000000)
  eden space 24064K, 0% used [0x0000000795580000,0x0000000795580000,0x0000000796d00000)
  from space 512K, 18% used [0x0000000796e00000,0x0000000796e18000,0x0000000796e80000)
  to   space 512K, 0% used [0x0000000796d80000,0x0000000796d80000,0x0000000796e00000)
 ParOldGen       total 87552K, used 73522K [0x0000000740000000, 0x0000000745580000, 0x0000000795580000)
  object space 87552K, 83% used [0x0000000740000000,0x00000007447ccb38,0x0000000745580000)
 Metaspace       used 19569K, capacity 19815K, committed 19968K, reserved 1067008K
  class space    used 1876K, capacity 1954K, committed 2048K, reserved 1048576K
}

