# JRE version: Java(TM) SE Runtime Environment (8.0_77-b03) (build 1.8.0_77-b03)
# Java VM: Java HotSpot(TM) 64-Bit Server VM (25.77-b03 mixed mode bsd-amd64 compressed oops)
Heap:
 PSYoungGen      total 22016K, used 3265K [0x0000000795580000, 0x0000000797680000, 0x00000007c0000000)
  eden space 21504K, 14% used [0x0000000795580000,0x00000007958986c0,0x0000000796a80000)
  from space 512K, 18% used [0x0000000796a80000,0x0000000796a98000,0x0000000796b00000)
  to   space 6144K, 0% used [0x0000000797080000,0x0000000797080000,0x0000000797680000)
 ParOldGen       total 87552K, used 32698K [0x0000000740000000, 0x0000000745580000, 0x0000000795580000)
  object space 87552K, 37% used [0x0000000740000000,0x0000000741fee918,0x0000000745580000)
 Metaspace       used 19615K, capacity 19895K, committed 20224K, reserved 1067008K
  class space    used 1901K, capacity 1954K, committed 2048K, reserved 1048576K
GC Heap History (10 events):
Event: 273.258 GC heap before
{Heap before GC invocations=39 (full 0):
 PSYoungGen      total 27136K, used 26048K [0x0000000795580000, 0x0000000797880000, 0x00000007c0000000)
  eden space 21504K, 100% used [0x0000000795580000,0x0000000796a80000,0x0000000796a80000)
  from space 5632K, 80% used [0x0000000797100000,0x0000000797570110,0x0000000797680000)
  to   space 6656K, 0% used [0x0000000796a80000,0x0000000796a80000,0x0000000797100000)
 ParOldGen       total 87552K, used 24071K [0x0000000740000000, 0x0000000745580000, 0x0000000795580000)
  object space 87552K, 27% used [0x0000000740000000,0x0000000741781ea0,0x0000000745580000)
 Metaspace       used 19500K, capacity 19767K, committed 19968K, reserved 1067008K
  class space    used 1893K, capacity 1954K, committed 2048K, reserved 1048576K
Event: 273.262 GC heap after
Heap after GC invocations=39 (full 0):
 PSYoungGen      total 28160K, used 3776K [0x0000000795580000, 0x0000000797880000, 0x00000007c0000000)
  eden space 21504K, 0% used [0x0000000795580000,0x0000000795580000,0x0000000796a80000)
  from space 6656K, 56% used [0x0000000796a80000,0x0000000796e300e0,0x0000000797100000)
  to   space 7168K, 0% used [0x0000000797180000,0x0000000797180000,0x0000000797880000)
 ParOldGen       total 87552K, used 27431K [0x0000000740000000, 0x0000000745580000, 0x0000000795580000)
  object space 87552K, 31% used [0x0000000740000000,0x0000000741ac9f70,0x0000000745580000)
 Metaspace       used 19500K, capacity 19767K, committed 19968K, reserved 1067008K
  class space    used 1893K, capacity 1954K, committed 2048K, reserved 1048576K
}
Event: 276.962 GC heap before
{Heap before GC invocations=40 (full 0):
 PSYoungGen      total 28160K, used 25139K [0x0000000795580000, 0x0000000797880000, 0x00000007c0000000)
  eden space 21504K, 99% used [0x0000000795580000,0x0000000796a5cb60,0x0000000796a80000)
  from space 6656K, 56% used [0x0000000796a80000,0x0000000796e300e0,0x0000000797100000)
  to   space 7168K, 0% used [0x0000000797180000,0x0000000797180000,0x0000000797880000)
 ParOldGen       total 87552K, used 27687K [0x0000000740000000, 0x0000000745580000, 0x0000000795580000)
  object space 87552K, 31% used [0x0000000740000000,0x0000000741b09f80,0x0000000745580000)
 Metaspace       used 19556K, capacity 19767K, committed 19968K, reserved 1067008K
  class space    used 1893K, capacity 1954K, committed 2048K, reserved 1048576K
Event: 276.965 GC heap after
Heap after GC invocations=40 (full 0):
 PSYoungGen      total 28672K, used 3296K [0x0000000795580000, 0x0000000797880000, 0x00000007c0000000)
  eden space 21504K, 0% used [0x0000000795580000,0x0000000795580000,0x0000000796a80000)
  from space 7168K, 45% used [0x0000000797180000,0x00000007974b80c0,0x0000000797880000)
  to   space 7168K, 0% used [0x0000000796a80000,0x0000000796a80000,0x0000000797180000)
 ParOldGen       total 87552K, used 30288K [0x0000000740000000, 0x0000000745580000, 0x0000000795580000)
  object space 87552K, 34% used [0x0000000740000000,0x0000000741d94020,0x0000000745580000)
 Metaspace       used 19556K, capacity 19767K, committed 19968K, reserved 1067008K
  class space    used 1893K, capacity 1954K, committed 2048K, reserved 1048576K
}
Event: 282.988 GC heap before
{Heap before GC invocations=41 (full 0):
 PSYoungGen      total 28672K, used 24800K [0x0000000795580000, 0x0000000797880000, 0x00000007c0000000)
  eden space 21504K, 100% used [0x0000000795580000,0x0000000796a80000,0x0000000796a80000)
  from space 7168K, 45% used [0x0000000797180000,0x00000007974b80c0,0x0000000797880000)
  to   space 7168K, 0% used [0x0000000796a80000,0x0000000796a80000,0x0000000797180000)
 ParOldGen       total 87552K, used 30290K [0x0000000740000000, 0x0000000745580000, 0x0000000795580000)
  object space 87552K, 34% used [0x0000000740000000,0x0000000741d94888,0x0000000745580000)
 Metaspace       used 19580K, capacity 19831K, committed 19968K, reserved 1067008K
  class space    used 1893K, capacity 1954K, committed 2048K, reserved 1048576K
Event: 282.990 GC heap after
Heap after GC invocations=41 (full 0):
 PSYoungGen      total 22528K, used 640K [0x0000000795580000, 0x0000000797780000, 0x00000007c0000000)
  eden space 21504K, 0% used [0x0000000795580000,0x0000000795580000,0x0000000796a80000)
  from space 1024K, 62% used [0x0000000796a80000,0x0000000796b20020,0x0000000796b80000)
  to   space 6656K, 0% used [0x0000000797100000,0x0000000797100000,0x0000000797780000)
 ParOldGen       total 87552K, used 32122K [0x0000000740000000, 0x0000000745580000, 0x0000000795580000)
  object space 87552K, 36% used [0x0000000740000000,0x0000000741f5e8f8,0x0000000745580000)
 Metaspace       used 19580K, capacity 19831K, committed 19968K, reserved 1067008K
  class space    used 1893K, capacity 1954K, committed 2048K, reserved 1048576K
}
Event: 291.561 GC heap before
{Heap before GC invocations=42 (full 0):
 PSYoungGen      total 22528K, used 22144K [0x0000000795580000, 0x0000000797780000, 0x00000007c0000000)
  eden space 21504K, 100% used [0x0000000795580000,0x0000000796a80000,0x0000000796a80000)
  from space 1024K, 62% used [0x0000000796a80000,0x0000000796b20020,0x0000000796b80000)
  to   space 6656K, 0% used [0x0000000797100000,0x0000000797100000,0x0000000797780000)
 ParOldGen       total 87552K, used 32122K [0x0000000740000000, 0x0000000745580000, 0x0000000795580000)
  object space 87552K, 36% used [0x0000000740000000,0x0000000741f5e8f8,0x0000000745580000)
 Metaspace       used 19580K, capacity 19831K, committed 19968K, reserved 1067008K
  class space    used 1893K, capacity 1954K, committed 2048K, reserved 1048576K
Event: 291.563 GC heap after
Heap after GC invocations=42 (full 0):
 PSYoungGen      total 28160K, used 96K [0x0000000795580000, 0x0000000797780000, 0x00000007c0000000)
  eden space 21504K, 0% used [0x0000000795580000,0x0000000795580000,0x0000000796a80000)
  from space 6656K, 1% used [0x0000000797100000,0x0000000797118000,0x0000000797780000)
  to   space 6656K, 0% used [0x0000000796a80000,0x0000000796a80000,0x0000000797100000)
 ParOldGen       total 87552K, used 32666K [0x0000000740000000, 0x0000000745580000, 0x0000000795580000)
  object space 87552K, 37% used [0x0000000740000000,0x0000000741fe6918,0x0000000745580000)
 Metaspace       used 19580K, capacity 19831K, committed 19968K, reserved 1067008K
  class space    used 1893K, capacity 1954K, committed 2048K, reserved 1048576K
}
Event: 298.975 GC heap before
{Heap before GC invocations=43 (full 0):
 PSYoungGen      total 28160K, used 21600K [0x0000000795580000, 0x0000000797780000, 0x00000007c0000000)
  eden space 21504K, 100% used [0x0000000795580000,0x0000000796a80000,0x0000000796a80000)
  from space 6656K, 1% used [0x0000000797100000,0x0000000797118000,0x0000000797780000)
  to   space 6656K, 0% used [0x0000000796a80000,0x0000000796a80000,0x0000000797100000)
 ParOldGen       total 87552K, used 32666K [0x0000000740000000, 0x0000000745580000, 0x0000000795580000)
  object space 87552K, 37% used [0x0000000740000000,0x0000000741fe6918,0x0000000745580000)
 Metaspace       used 19580K, capacity 19831K, committed 19968K, reserved 1067008K
  class space    used 1893K, capacity 1954K, committed 2048K, reserved 1048576K
Event: 298.977 GC heap after
Heap after GC invocations=43 (full 0):
 PSYoungGen      total 22016K, used 96K [0x0000000795580000, 0x0000000797680000, 0x00000007c0000000)
  eden space 21504K, 0% used [0x0000000795580000,0x0000000795580000,0x0000000796a80000)
  from space 512K, 18% used [0x0000000796a80000,0x0000000796a98000,0x0000000796b00000)
  to   space 6144K, 0% used [0x0000000797080000,0x0000000797080000,0x0000000797680000)
 ParOldGen       total 87552K, used 32698K [0x0000000740000000, 0x0000000745580000, 0x0000000795580000)
  object space 87552K, 37% used [0x0000000740000000,0x0000000741fee918,0x0000000745580000)
 Metaspace       used 19580K, capacity 19831K, committed 19968K, reserved 1067008K
  class space    used 1893K, capacity 1954K, committed 2048K, reserved 1048576K
}

